2024-02-14 22:53:41,988 INFO o.s.b.StartupInfoLogger [main] Starting SpringBootFeignListenerApplication using Java 17.0.5 with PID 12120 (C:\wsSpringBootStudy\Client-Service\feign-listener\target\classes started by Mustafa Attaree in C:\wsSpringBootStudy\Client-Service)
2024-02-14 22:53:41,991 DEBUG o.s.b.StartupInfoLogger [main] Running with Spring Boot v3.2.0, Spring v6.1.1
2024-02-14 22:53:41,992 INFO o.s.b.SpringApplication [main] No active profile set, falling back to 1 default profile: "default"
2024-02-14 22:53:43,325 INFO o.s.c.c.s.GenericScope [main] BeanFactory id=05130abd-1725-3d04-8580-06ffcbc3fcb2
2024-02-14 22:53:43,580 WARN o.s.c.s.PostProcessorRegistrationDelegate$BeanPostProcessorChecker [main] Bean 'org.springframework.cloud.client.loadbalancer.LoadBalancerAutoConfiguration$LoadBalancerInterceptorConfig' of type [org.springframework.cloud.client.loadbalancer.LoadBalancerAutoConfiguration$LoadBalancerInterceptorConfig] is not eligible for getting processed by all BeanPostProcessors (for example: not eligible for auto-proxying). The currently created BeanPostProcessor [lbRestClientPostProcessor] is declared through a non-static factory method on that class; consider declaring it as static instead.
2024-02-14 22:53:43,588 WARN o.s.c.s.PostProcessorRegistrationDelegate$BeanPostProcessorChecker [main] Bean 'org.springframework.cloud.loadbalancer.config.BlockingLoadBalancerClientAutoConfiguration' of type [org.springframework.cloud.loadbalancer.config.BlockingLoadBalancerClientAutoConfiguration] is not eligible for getting processed by all BeanPostProcessors (for example: not eligible for auto-proxying). Is this bean getting eagerly injected into a currently created BeanPostProcessor [lbRestClientPostProcessor]? Check the corresponding BeanPostProcessor declaration and its dependencies.
2024-02-14 22:53:43,593 WARN o.s.c.s.PostProcessorRegistrationDelegate$BeanPostProcessorChecker [main] Bean 'org.springframework.cloud.loadbalancer.config.LoadBalancerAutoConfiguration' of type [org.springframework.cloud.loadbalancer.config.LoadBalancerAutoConfiguration] is not eligible for getting processed by all BeanPostProcessors (for example: not eligible for auto-proxying). Is this bean getting eagerly injected into a currently created BeanPostProcessor [lbRestClientPostProcessor]? Check the corresponding BeanPostProcessor declaration and its dependencies.
2024-02-14 22:53:43,613 WARN o.s.c.s.PostProcessorRegistrationDelegate$BeanPostProcessorChecker [main] Bean 'org.springframework.cloud.commons.config.CommonsConfigAutoConfiguration' of type [org.springframework.cloud.commons.config.CommonsConfigAutoConfiguration] is not eligible for getting processed by all BeanPostProcessors (for example: not eligible for auto-proxying). Is this bean getting eagerly injected into a currently created BeanPostProcessor [lbRestClientPostProcessor]? Check the corresponding BeanPostProcessor declaration and its dependencies.
2024-02-14 22:53:43,620 WARN o.s.c.s.PostProcessorRegistrationDelegate$BeanPostProcessorChecker [main] Bean 'org.springframework.cloud.client.loadbalancer.LoadBalancerDefaultMappingsProviderAutoConfiguration' of type [org.springframework.cloud.client.loadbalancer.LoadBalancerDefaultMappingsProviderAutoConfiguration] is not eligible for getting processed by all BeanPostProcessors (for example: not eligible for auto-proxying). Is this bean getting eagerly injected into a currently created BeanPostProcessor [lbRestClientPostProcessor]? Check the corresponding BeanPostProcessor declaration and its dependencies.
2024-02-14 22:53:43,623 WARN o.s.c.s.PostProcessorRegistrationDelegate$BeanPostProcessorChecker [main] Bean 'loadBalancerClientsDefaultsMappingsProvider' of type [org.springframework.cloud.client.loadbalancer.LoadBalancerDefaultMappingsProviderAutoConfiguration$$Lambda$558/0x0000000800fd7640] is not eligible for getting processed by all BeanPostProcessors (for example: not eligible for auto-proxying). Is this bean getting eagerly injected into a currently created BeanPostProcessor [lbRestClientPostProcessor]? Check the corresponding BeanPostProcessor declaration and its dependencies.
2024-02-14 22:53:43,629 WARN o.s.c.s.PostProcessorRegistrationDelegate$BeanPostProcessorChecker [main] Bean 'defaultsBindHandlerAdvisor' of type [org.springframework.cloud.commons.config.DefaultsBindHandlerAdvisor] is not eligible for getting processed by all BeanPostProcessors (for example: not eligible for auto-proxying). Is this bean getting eagerly injected into a currently created BeanPostProcessor [lbRestClientPostProcessor]? Check the corresponding BeanPostProcessor declaration and its dependencies.
2024-02-14 22:53:43,642 WARN o.s.c.s.PostProcessorRegistrationDelegate$BeanPostProcessorChecker [main] Bean 'spring.cloud.loadbalancer-org.springframework.cloud.client.loadbalancer.LoadBalancerClientsProperties' of type [org.springframework.cloud.client.loadbalancer.LoadBalancerClientsProperties] is not eligible for getting processed by all BeanPostProcessors (for example: not eligible for auto-proxying). Is this bean getting eagerly injected into a currently created BeanPostProcessor [lbRestClientPostProcessor]? Check the corresponding BeanPostProcessor declaration and its dependencies.
2024-02-14 22:53:43,657 WARN o.s.c.s.PostProcessorRegistrationDelegate$BeanPostProcessorChecker [main] Bean 'default.org.springframework.cloud.loadbalancer.config.LoadBalancerAutoConfiguration.LoadBalancerClientSpecification' of type [org.springframework.cloud.loadbalancer.annotation.LoadBalancerClientSpecification] is not eligible for getting processed by all BeanPostProcessors (for example: not eligible for auto-proxying). Is this bean getting eagerly injected into a currently created BeanPostProcessor [lbRestClientPostProcessor]? Check the corresponding BeanPostProcessor declaration and its dependencies.
2024-02-14 22:53:43,662 WARN o.s.c.s.PostProcessorRegistrationDelegate$BeanPostProcessorChecker [main] Bean 'default.org.springframework.cloud.loadbalancer.config.BlockingLoadBalancerClientAutoConfiguration.LoadBalancerClientSpecification' of type [org.springframework.cloud.loadbalancer.annotation.LoadBalancerClientSpecification] is not eligible for getting processed by all BeanPostProcessors (for example: not eligible for auto-proxying). Is this bean getting eagerly injected into a currently created BeanPostProcessor [lbRestClientPostProcessor]? Check the corresponding BeanPostProcessor declaration and its dependencies.
2024-02-14 22:53:43,663 WARN o.s.c.s.PostProcessorRegistrationDelegate$BeanPostProcessorChecker [main] Bean 'loadBalancerClientFactory' of type [org.springframework.cloud.loadbalancer.support.LoadBalancerClientFactory] is not eligible for getting processed by all BeanPostProcessors (for example: not eligible for auto-proxying). Is this bean getting eagerly injected into a currently created BeanPostProcessor [lbRestClientPostProcessor]? Check the corresponding BeanPostProcessor declaration and its dependencies.
2024-02-14 22:53:43,674 WARN o.s.c.s.PostProcessorRegistrationDelegate$BeanPostProcessorChecker [main] Bean 'blockingLoadBalancerClient' of type [org.springframework.cloud.loadbalancer.blocking.client.BlockingLoadBalancerClient] is not eligible for getting processed by all BeanPostProcessors (for example: not eligible for auto-proxying). Is this bean getting eagerly injected into a currently created BeanPostProcessor [lbRestClientPostProcessor]? Check the corresponding BeanPostProcessor declaration and its dependencies.
2024-02-14 22:53:43,696 WARN o.s.c.s.PostProcessorRegistrationDelegate$BeanPostProcessorChecker [main] Bean 'loadBalancerServiceInstanceCookieTransformer' of type [org.springframework.cloud.loadbalancer.core.LoadBalancerServiceInstanceCookieTransformer] is not eligible for getting processed by all BeanPostProcessors (for example: not eligible for auto-proxying). Is this bean getting eagerly injected into a currently created BeanPostProcessor [lbRestClientPostProcessor]? Check the corresponding BeanPostProcessor declaration and its dependencies.
2024-02-14 22:53:43,699 WARN o.s.c.s.PostProcessorRegistrationDelegate$BeanPostProcessorChecker [main] Bean 'xForwarderHeadersTransformer' of type [org.springframework.cloud.loadbalancer.blocking.XForwardedHeadersTransformer] is not eligible for getting processed by all BeanPostProcessors (for example: not eligible for auto-proxying). Is this bean getting eagerly injected into a currently created BeanPostProcessor [lbRestClientPostProcessor]? Check the corresponding BeanPostProcessor declaration and its dependencies.
2024-02-14 22:53:43,702 WARN o.s.c.s.PostProcessorRegistrationDelegate$BeanPostProcessorChecker [main] Bean 'org.springframework.cloud.client.loadbalancer.LoadBalancerAutoConfiguration' of type [org.springframework.cloud.client.loadbalancer.LoadBalancerAutoConfiguration] is not eligible for getting processed by all BeanPostProcessors (for example: not eligible for auto-proxying). Is this bean getting eagerly injected into a currently created BeanPostProcessor [lbRestClientPostProcessor]? Check the corresponding BeanPostProcessor declaration and its dependencies.
2024-02-14 22:53:43,706 WARN o.s.c.s.PostProcessorRegistrationDelegate$BeanPostProcessorChecker [main] Bean 'loadBalancerRequestFactory' of type [org.springframework.cloud.client.loadbalancer.LoadBalancerRequestFactory] is not eligible for getting processed by all BeanPostProcessors (for example: not eligible for auto-proxying). Is this bean getting eagerly injected into a currently created BeanPostProcessor [lbRestClientPostProcessor]? Check the corresponding BeanPostProcessor declaration and its dependencies.
2024-02-14 22:53:43,710 WARN o.s.c.s.PostProcessorRegistrationDelegate$BeanPostProcessorChecker [main] Bean 'loadBalancerInterceptor' of type [org.springframework.cloud.client.loadbalancer.LoadBalancerInterceptor] is not eligible for getting processed by all BeanPostProcessors (for example: not eligible for auto-proxying). Is this bean getting eagerly injected into a currently created BeanPostProcessor [lbRestClientPostProcessor]? Check the corresponding BeanPostProcessor declaration and its dependencies.
2024-02-14 22:53:43,715 WARN o.s.c.s.PostProcessorRegistrationDelegate$BeanPostProcessorChecker [main] Bean 'org.springframework.cloud.client.loadbalancer.reactive.LoadBalancerBeanPostProcessorAutoConfiguration' of type [org.springframework.cloud.client.loadbalancer.reactive.LoadBalancerBeanPostProcessorAutoConfiguration] is not eligible for getting processed by all BeanPostProcessors (for example: not eligible for auto-proxying). The currently created BeanPostProcessor [loadBalancerWebClientBuilderBeanPostProcessor] is declared through a non-static factory method on that class; consider declaring it as static instead.
2024-02-14 22:53:43,718 WARN o.s.c.s.PostProcessorRegistrationDelegate$BeanPostProcessorChecker [main] Bean 'org.springframework.cloud.client.loadbalancer.reactive.LoadBalancerBeanPostProcessorAutoConfiguration$ReactorDeferringLoadBalancerFilterConfig' of type [org.springframework.cloud.client.loadbalancer.reactive.LoadBalancerBeanPostProcessorAutoConfiguration$ReactorDeferringLoadBalancerFilterConfig] is not eligible for getting processed by all BeanPostProcessors (for example: not eligible for auto-proxying). Is this bean getting eagerly injected into a currently created BeanPostProcessor [loadBalancerWebClientBuilderBeanPostProcessor]? Check the corresponding BeanPostProcessor declaration and its dependencies.
2024-02-14 22:53:43,723 WARN o.s.c.s.PostProcessorRegistrationDelegate$BeanPostProcessorChecker [main] Bean 'reactorDeferringLoadBalancerExchangeFilterFunction' of type [org.springframework.cloud.client.loadbalancer.reactive.DeferringLoadBalancerExchangeFilterFunction] is not eligible for getting processed by all BeanPostProcessors (for example: not eligible for auto-proxying). Is this bean getting eagerly injected into a currently created BeanPostProcessor [loadBalancerWebClientBuilderBeanPostProcessor]? Check the corresponding BeanPostProcessor declaration and its dependencies.
2024-02-14 22:53:44,122 INFO o.s.b.w.e.t.TomcatWebServer [main] Tomcat initialized with port 8081 (http)
2024-02-14 22:53:44,133 INFO o.a.j.l.DirectJDKLog [main] Initializing ProtocolHandler ["http-nio-8081"]
2024-02-14 22:53:44,135 INFO o.a.j.l.DirectJDKLog [main] Starting service [Tomcat]
2024-02-14 22:53:44,136 INFO o.a.j.l.DirectJDKLog [main] Starting Servlet engine: [Apache Tomcat/10.1.16]
2024-02-14 22:53:44,212 INFO o.a.j.l.DirectJDKLog [main] Initializing Spring embedded WebApplicationContext
2024-02-14 22:53:44,213 INFO o.s.b.w.s.c.ServletWebServerApplicationContext [main] Root WebApplicationContext: initialization completed in 2163 ms
2024-02-14 22:53:44,484 DEBUG o.s.w.f.GenericFilterBean [main] Filter 'webMvcObservationFilter' configured for use
2024-02-14 22:53:45,364 DEBUG o.s.w.s.h.AbstractHandlerMethodMapping [main] 8 mappings in 'requestMappingHandlerMapping'
2024-02-14 22:53:45,455 DEBUG o.s.w.s.h.SimpleUrlHandlerMapping [main] Patterns [/webjars/**, /**] in 'resourceHandlerMapping'
2024-02-14 22:53:45,555 DEBUG o.s.w.s.m.m.a.RequestMappingHandlerAdapter [main] ControllerAdvice beans: 0 @ModelAttribute, 0 @InitBinder, 1 RequestBodyAdvice, 1 ResponseBodyAdvice
2024-02-14 22:53:45,607 DEBUG o.s.w.s.m.m.a.ExceptionHandlerExceptionResolver [main] ControllerAdvice beans: 1 @ExceptionHandler, 1 ResponseBodyAdvice
2024-02-14 22:53:46,687 WARN o.s.c.l.c.LoadBalancerCacheAutoConfiguration$LoadBalancerCaffeineWarnLogger [main] Spring Cloud LoadBalancer is currently working with the default cache. While this cache implementation is useful for development and tests, it's recommended to use Caffeine cache in production.You can switch to using Caffeine cache, by adding it and org.springframework.cache.caffeine.CaffeineCacheManager to the classpath.
2024-02-14 22:53:46,711 INFO o.s.b.a.e.w.EndpointLinksResolver [main] Exposing 25 endpoint(s) beneath base path '/actuator'
2024-02-14 22:53:46,775 INFO o.a.j.l.DirectJDKLog [main] Starting ProtocolHandler ["http-nio-8081"]
2024-02-14 22:53:46,795 INFO o.s.b.w.e.t.TomcatWebServer [main] Tomcat started on port 8081 (http) with context path ''
2024-02-14 22:53:46,955 INFO o.s.b.StartupInfoLogger [main] Started SpringBootFeignListenerApplication in 5.438 seconds (process running for 6.024)
2024-02-14 22:54:21,035 INFO o.a.j.l.DirectJDKLog [http-nio-8081-exec-2] Initializing Spring DispatcherServlet 'dispatcherServlet'
2024-02-14 22:54:21,035 INFO o.s.w.s.FrameworkServlet [http-nio-8081-exec-2] Initializing Servlet 'dispatcherServlet'
2024-02-14 22:54:21,036 DEBUG o.s.w.s.DispatcherServlet [http-nio-8081-exec-2] Detected StandardServletMultipartResolver
2024-02-14 22:54:21,036 DEBUG o.s.w.s.DispatcherServlet [http-nio-8081-exec-2] Detected AcceptHeaderLocaleResolver
2024-02-14 22:54:21,036 DEBUG o.s.w.s.DispatcherServlet [http-nio-8081-exec-2] Detected FixedThemeResolver
2024-02-14 22:54:21,038 DEBUG o.s.w.s.DispatcherServlet [http-nio-8081-exec-2] Detected org.springframework.web.servlet.view.DefaultRequestToViewNameTranslator@127f0c28
2024-02-14 22:54:21,039 DEBUG o.s.w.s.DispatcherServlet [http-nio-8081-exec-2] Detected org.springframework.web.servlet.support.SessionFlashMapManager@6553795d
2024-02-14 22:54:21,040 DEBUG o.s.w.s.FrameworkServlet [http-nio-8081-exec-2] enableLoggingRequestDetails='false': request parameters and headers will be masked to prevent unsafe logging of potentially sensitive data
2024-02-14 22:54:21,041 INFO o.s.w.s.FrameworkServlet [http-nio-8081-exec-2] Completed initialization in 5 ms
2024-02-14 22:54:21,070 DEBUG o.s.c.l.LogFormatUtils [http-nio-8081-exec-2] GET "/rt/external/21", parameters={}
2024-02-14 22:54:21,083 DEBUG o.s.w.s.h.AbstractHandlerMapping [http-nio-8081-exec-2] Mapped to com.atm.feign.listener.controller.BooksAuthorRestTemplateController#getBookById(String)
2024-02-14 22:54:21,114 INFO c.a.f.l.s.BooksAuthorRestTemplateService [http-nio-8081-exec-2] ##### Inside getBookById method - invoking URL http://localhost:8082/api/v1.0/fetch for Book ID : 21
2024-02-14 22:54:21,143 DEBUG o.s.c.l.CompositeLog [http-nio-8081-exec-2] HTTP GET http://localhost:8082/api/v1.0/fetch/21
2024-02-14 22:54:21,256 DEBUG o.s.c.l.CompositeLog [http-nio-8081-exec-2] Accept=[application/json, application/*+json]
2024-02-14 22:54:21,663 DEBUG o.s.c.l.CompositeLog [http-nio-8081-exec-2] Response 200 OK
2024-02-14 22:54:21,665 DEBUG o.s.c.l.CompositeLog [http-nio-8081-exec-2] Reading to [com.atm.feign.listener.models.BooksBook]
2024-02-14 22:54:21,707 DEBUG o.s.w.s.m.m.a.AbstractMessageConverterMethodProcessor [http-nio-8081-exec-2] Using 'application/json', given [*/*] and supported [application/json, application/*+json]
2024-02-14 22:54:21,714 DEBUG o.s.c.l.LogFormatUtils [http-nio-8081-exec-2] Writing [BooksBook(id=21, downloadCount=2446, gutenbergId=20, mediaType=Text, title=Paradise Lost)]
2024-02-14 22:54:21,734 DEBUG o.s.w.s.FrameworkServlet [http-nio-8081-exec-2] Completed 200 OK
2024-02-14 22:54:24,963 DEBUG o.s.c.l.LogFormatUtils [http-nio-8081-exec-3] GET "/rt/external/22", parameters={}
2024-02-14 22:54:24,964 DEBUG o.s.w.s.h.AbstractHandlerMapping [http-nio-8081-exec-3] Mapped to com.atm.feign.listener.controller.BooksAuthorRestTemplateController#getBookById(String)
2024-02-14 22:54:24,965 INFO c.a.f.l.s.BooksAuthorRestTemplateService [http-nio-8081-exec-3] ##### Inside getBookById method - invoking URL http://localhost:8082/api/v1.0/fetch for Book ID : 22
2024-02-14 22:54:24,965 DEBUG o.s.c.l.CompositeLog [http-nio-8081-exec-3] HTTP GET http://localhost:8082/api/v1.0/fetch/22
2024-02-14 22:54:24,965 DEBUG o.s.c.l.CompositeLog [http-nio-8081-exec-3] Accept=[application/json, application/*+json]
2024-02-14 22:54:24,971 DEBUG o.s.c.l.CompositeLog [http-nio-8081-exec-3] Response 200 OK
2024-02-14 22:54:24,972 DEBUG o.s.c.l.CompositeLog [http-nio-8081-exec-3] Reading to [com.atm.feign.listener.models.BooksBook]
2024-02-14 22:54:24,973 DEBUG o.s.w.s.m.m.a.AbstractMessageConverterMethodProcessor [http-nio-8081-exec-3] Using 'application/json', given [*/*] and supported [application/json, application/*+json]
2024-02-14 22:54:24,973 DEBUG o.s.c.l.LogFormatUtils [http-nio-8081-exec-3] Writing [BooksBook(id=22, downloadCount=581, gutenbergId=21, mediaType=Text, title=Aesop's Fables: Translated (truncated)...]
2024-02-14 22:54:24,974 DEBUG o.s.w.s.FrameworkServlet [http-nio-8081-exec-3] Completed 200 OK
2024-02-14 22:54:27,209 DEBUG o.s.c.l.LogFormatUtils [http-nio-8081-exec-4] GET "/rt/external/23", parameters={}
2024-02-14 22:54:27,211 DEBUG o.s.w.s.h.AbstractHandlerMapping [http-nio-8081-exec-4] Mapped to com.atm.feign.listener.controller.BooksAuthorRestTemplateController#getBookById(String)
2024-02-14 22:54:29,370 DEBUG o.s.c.l.LogFormatUtils [http-nio-8081-exec-6] GET "/rt/external/24", parameters={}
2024-02-14 22:54:29,371 DEBUG o.s.w.s.h.AbstractHandlerMapping [http-nio-8081-exec-6] Mapped to com.atm.feign.listener.controller.BooksAuthorRestTemplateController#getBookById(String)
2024-02-14 22:54:30,006 INFO c.a.f.l.s.BooksAuthorRestTemplateService [http-nio-8081-exec-4] ##### Inside getBookById method - invoking URL http://localhost:8082/api/v1.0/fetch for Book ID : 23
2024-02-14 22:54:30,005 INFO c.a.f.l.s.BooksAuthorRestTemplateService [http-nio-8081-exec-6] ##### Inside getBookById method - invoking URL http://localhost:8082/api/v1.0/fetch for Book ID : 24
2024-02-14 22:54:30,008 DEBUG o.s.c.l.CompositeLog [http-nio-8081-exec-4] HTTP GET http://localhost:8082/api/v1.0/fetch/23
2024-02-14 22:54:30,010 DEBUG o.s.c.l.CompositeLog [http-nio-8081-exec-4] Accept=[application/json, application/*+json]
2024-02-14 22:54:30,009 DEBUG o.s.c.l.CompositeLog [http-nio-8081-exec-6] HTTP GET http://localhost:8082/api/v1.0/fetch/24
2024-02-14 22:54:30,011 DEBUG o.s.c.l.CompositeLog [http-nio-8081-exec-6] Accept=[application/json, application/*+json]
2024-02-14 22:54:30,024 DEBUG o.s.c.l.CompositeLog [http-nio-8081-exec-4] Response 200 OK
2024-02-14 22:54:30,024 DEBUG o.s.c.l.CompositeLog [http-nio-8081-exec-4] Reading to [com.atm.feign.listener.models.BooksBook]
2024-02-14 22:54:30,025 DEBUG o.s.w.s.m.m.a.AbstractMessageConverterMethodProcessor [http-nio-8081-exec-4] Using 'application/json', given [*/*] and supported [application/json, application/*+json]
2024-02-14 22:54:30,026 DEBUG o.s.c.l.LogFormatUtils [http-nio-8081-exec-4] Writing [BooksBook(id=23, downloadCount=205, gutenbergId=22, mediaType=Text, title=Roget's Thesaurus)]
2024-02-14 22:54:30,026 DEBUG o.s.w.s.FrameworkServlet [http-nio-8081-exec-4] Completed 200 OK
2024-02-14 22:54:30,029 DEBUG o.s.c.l.CompositeLog [http-nio-8081-exec-6] Response 200 OK
2024-02-14 22:54:30,030 DEBUG o.s.c.l.CompositeLog [http-nio-8081-exec-6] Reading to [com.atm.feign.listener.models.BooksBook]
2024-02-14 22:54:30,031 DEBUG o.s.w.s.m.m.a.AbstractMessageConverterMethodProcessor [http-nio-8081-exec-6] Using 'application/json', given [*/*] and supported [application/json, application/*+json]
2024-02-14 22:54:30,031 DEBUG o.s.c.l.LogFormatUtils [http-nio-8081-exec-6] Writing [BooksBook(id=24, downloadCount=4858, gutenbergId=23, mediaType=Text, title=Narrative of the Life of  (truncated)...]
2024-02-14 22:54:30,032 DEBUG o.s.w.s.FrameworkServlet [http-nio-8081-exec-6] Completed 200 OK
2024-02-14 22:54:32,521 DEBUG o.s.c.l.LogFormatUtils [http-nio-8081-exec-7] GET "/rt/external/25", parameters={}
2024-02-14 22:54:32,523 DEBUG o.s.w.s.h.AbstractHandlerMapping [http-nio-8081-exec-7] Mapped to com.atm.feign.listener.controller.BooksAuthorRestTemplateController#getBookById(String)
2024-02-14 22:54:34,413 DEBUG o.s.c.l.LogFormatUtils [http-nio-8081-exec-9] GET "/rt/external/26", parameters={}
2024-02-14 22:54:34,414 DEBUG o.s.w.s.h.AbstractHandlerMapping [http-nio-8081-exec-9] Mapped to com.atm.feign.listener.controller.BooksAuthorRestTemplateController#getBookById(String)
2024-02-14 22:54:36,307 DEBUG o.s.c.l.LogFormatUtils [http-nio-8081-exec-1] GET "/rt/external/27", parameters={}
2024-02-14 22:54:36,308 DEBUG o.s.w.s.h.AbstractHandlerMapping [http-nio-8081-exec-1] Mapped to com.atm.feign.listener.controller.BooksAuthorRestTemplateController#getBookById(String)
2024-02-14 22:54:37,535 DEBUG o.s.w.s.m.m.a.ExceptionHandlerExceptionResolver [http-nio-8081-exec-7] Using @ExceptionHandler com.atm.feign.listener.exception.RateLimiterExceptionHandler#handleRequestNotPermitted(RequestNotPermitted, HttpServletRequest)
2024-02-14 22:54:37,538 WARN c.a.f.l.e.RateLimiterExceptionHandler [http-nio-8081-exec-7] Request to path '/rt/external/25' is blocked due to rate-limiting. RateLimiter 'getBookById' does not permit further calls
2024-02-14 22:54:37,542 DEBUG o.s.w.s.m.m.a.AbstractMessageConverterMethodProcessor [http-nio-8081-exec-7] Using 'text/plain', given [*/*] and supported [text/plain, */*, application/json, application/*+json]
2024-02-14 22:54:37,543 DEBUG o.s.c.l.LogFormatUtils [http-nio-8081-exec-7] Writing ["Too many requests"]
2024-02-14 22:54:37,545 DEBUG o.s.w.s.h.AbstractHandlerExceptionResolver [http-nio-8081-exec-7] Resolved [io.github.resilience4j.ratelimiter.RequestNotPermitted: RateLimiter 'getBookById' does not permit further calls]
2024-02-14 22:54:37,545 DEBUG o.s.w.s.FrameworkServlet [http-nio-8081-exec-7] Completed 429 TOO_MANY_REQUESTS
2024-02-14 22:54:39,416 DEBUG o.s.w.s.m.m.a.ExceptionHandlerExceptionResolver [http-nio-8081-exec-9] Using @ExceptionHandler com.atm.feign.listener.exception.RateLimiterExceptionHandler#handleRequestNotPermitted(RequestNotPermitted, HttpServletRequest)
2024-02-14 22:54:39,417 WARN c.a.f.l.e.RateLimiterExceptionHandler [http-nio-8081-exec-9] Request to path '/rt/external/26' is blocked due to rate-limiting. RateLimiter 'getBookById' does not permit further calls
2024-02-14 22:54:39,418 DEBUG o.s.w.s.m.m.a.AbstractMessageConverterMethodProcessor [http-nio-8081-exec-9] Using 'text/plain', given [*/*] and supported [text/plain, */*, application/json, application/*+json]
2024-02-14 22:54:39,418 DEBUG o.s.c.l.LogFormatUtils [http-nio-8081-exec-9] Writing ["Too many requests"]
2024-02-14 22:54:39,419 DEBUG o.s.w.s.h.AbstractHandlerExceptionResolver [http-nio-8081-exec-9] Resolved [io.github.resilience4j.ratelimiter.RequestNotPermitted: RateLimiter 'getBookById' does not permit further calls]
2024-02-14 22:54:39,419 DEBUG o.s.w.s.FrameworkServlet [http-nio-8081-exec-9] Completed 429 TOO_MANY_REQUESTS
2024-02-14 22:54:39,825 DEBUG o.s.c.l.LogFormatUtils [http-nio-8081-exec-3] GET "/rt/external/28", parameters={}
2024-02-14 22:54:39,826 DEBUG o.s.w.s.h.AbstractHandlerMapping [http-nio-8081-exec-3] Mapped to com.atm.feign.listener.controller.BooksAuthorRestTemplateController#getBookById(String)
2024-02-14 22:54:41,323 DEBUG o.s.w.s.m.m.a.ExceptionHandlerExceptionResolver [http-nio-8081-exec-1] Using @ExceptionHandler com.atm.feign.listener.exception.RateLimiterExceptionHandler#handleRequestNotPermitted(RequestNotPermitted, HttpServletRequest)
2024-02-14 22:54:41,324 WARN c.a.f.l.e.RateLimiterExceptionHandler [http-nio-8081-exec-1] Request to path '/rt/external/27' is blocked due to rate-limiting. RateLimiter 'getBookById' does not permit further calls
2024-02-14 22:54:41,325 DEBUG o.s.w.s.m.m.a.AbstractMessageConverterMethodProcessor [http-nio-8081-exec-1] Using 'text/plain', given [*/*] and supported [text/plain, */*, application/json, application/*+json]
2024-02-14 22:54:41,326 DEBUG o.s.c.l.LogFormatUtils [http-nio-8081-exec-1] Writing ["Too many requests"]
2024-02-14 22:54:41,328 DEBUG o.s.w.s.h.AbstractHandlerExceptionResolver [http-nio-8081-exec-1] Resolved [io.github.resilience4j.ratelimiter.RequestNotPermitted: RateLimiter 'getBookById' does not permit further calls]
2024-02-14 22:54:41,329 DEBUG o.s.w.s.FrameworkServlet [http-nio-8081-exec-1] Completed 429 TOO_MANY_REQUESTS
2024-02-14 22:54:41,849 DEBUG o.s.c.l.LogFormatUtils [http-nio-8081-exec-5] GET "/rt/external/29", parameters={}
2024-02-14 22:54:41,849 DEBUG o.s.w.s.h.AbstractHandlerMapping [http-nio-8081-exec-5] Mapped to com.atm.feign.listener.controller.BooksAuthorRestTemplateController#getBookById(String)
2024-02-14 22:54:44,842 DEBUG o.s.w.s.m.m.a.ExceptionHandlerExceptionResolver [http-nio-8081-exec-3] Using @ExceptionHandler com.atm.feign.listener.exception.RateLimiterExceptionHandler#handleRequestNotPermitted(RequestNotPermitted, HttpServletRequest)
2024-02-14 22:54:44,843 WARN c.a.f.l.e.RateLimiterExceptionHandler [http-nio-8081-exec-3] Request to path '/rt/external/28' is blocked due to rate-limiting. RateLimiter 'getBookById' does not permit further calls
2024-02-14 22:54:44,845 DEBUG o.s.w.s.m.m.a.AbstractMessageConverterMethodProcessor [http-nio-8081-exec-3] Using 'text/plain', given [*/*] and supported [text/plain, */*, application/json, application/*+json]
2024-02-14 22:54:44,845 DEBUG o.s.c.l.LogFormatUtils [http-nio-8081-exec-3] Writing ["Too many requests"]
2024-02-14 22:54:44,846 DEBUG o.s.w.s.h.AbstractHandlerExceptionResolver [http-nio-8081-exec-3] Resolved [io.github.resilience4j.ratelimiter.RequestNotPermitted: RateLimiter 'getBookById' does not permit further calls]
2024-02-14 22:54:44,846 DEBUG o.s.w.s.FrameworkServlet [http-nio-8081-exec-3] Completed 429 TOO_MANY_REQUESTS
2024-02-14 22:54:45,013 INFO c.a.f.l.s.BooksAuthorRestTemplateService [http-nio-8081-exec-5] ##### Inside getBookById method - invoking URL http://localhost:8082/api/v1.0/fetch for Book ID : 29
2024-02-14 22:54:45,014 DEBUG o.s.c.l.CompositeLog [http-nio-8081-exec-5] HTTP GET http://localhost:8082/api/v1.0/fetch/29
2024-02-14 22:54:45,015 DEBUG o.s.c.l.CompositeLog [http-nio-8081-exec-5] Accept=[application/json, application/*+json]
2024-02-14 22:54:45,027 DEBUG o.s.c.l.CompositeLog [http-nio-8081-exec-5] Response 200 OK
2024-02-14 22:54:45,028 DEBUG o.s.c.l.CompositeLog [http-nio-8081-exec-5] Reading to [com.atm.feign.listener.models.BooksBook]
2024-02-14 22:54:45,031 DEBUG o.s.w.s.m.m.a.AbstractMessageConverterMethodProcessor [http-nio-8081-exec-5] Using 'application/json', given [*/*] and supported [application/json, application/*+json]
2024-02-14 22:54:45,031 DEBUG o.s.c.l.LogFormatUtils [http-nio-8081-exec-5] Writing [BooksBook(id=29, downloadCount=390, gutenbergId=28, mediaType=Text, title=Aesop's Fables)]
2024-02-14 22:54:45,033 DEBUG o.s.w.s.FrameworkServlet [http-nio-8081-exec-5] Completed 200 OK
