2024-02-15 00:22:00,544 INFO o.s.b.StartupInfoLogger [main] Starting SpringBootFeignListenerApplication using Java 17.0.5 with PID 12168 (C:\wsSpringBootStudy\Client-Service\feign-listener\target\classes started by Mustafa Attaree in C:\wsSpringBootStudy\Client-Service)
2024-02-15 00:22:00,546 DEBUG o.s.b.StartupInfoLogger [main] Running with Spring Boot v3.2.0, Spring v6.1.1
2024-02-15 00:22:00,547 INFO o.s.b.SpringApplication [main] No active profile set, falling back to 1 default profile: "default"
2024-02-15 00:22:02,000 INFO o.s.c.c.s.GenericScope [main] BeanFactory id=05130abd-1725-3d04-8580-06ffcbc3fcb2
2024-02-15 00:22:02,296 WARN o.s.c.s.PostProcessorRegistrationDelegate$BeanPostProcessorChecker [main] Bean 'org.springframework.cloud.client.loadbalancer.LoadBalancerAutoConfiguration$LoadBalancerInterceptorConfig' of type [org.springframework.cloud.client.loadbalancer.LoadBalancerAutoConfiguration$LoadBalancerInterceptorConfig] is not eligible for getting processed by all BeanPostProcessors (for example: not eligible for auto-proxying). The currently created BeanPostProcessor [lbRestClientPostProcessor] is declared through a non-static factory method on that class; consider declaring it as static instead.
2024-02-15 00:22:02,305 WARN o.s.c.s.PostProcessorRegistrationDelegate$BeanPostProcessorChecker [main] Bean 'org.springframework.cloud.loadbalancer.config.BlockingLoadBalancerClientAutoConfiguration' of type [org.springframework.cloud.loadbalancer.config.BlockingLoadBalancerClientAutoConfiguration] is not eligible for getting processed by all BeanPostProcessors (for example: not eligible for auto-proxying). Is this bean getting eagerly injected into a currently created BeanPostProcessor [lbRestClientPostProcessor]? Check the corresponding BeanPostProcessor declaration and its dependencies.
2024-02-15 00:22:02,309 WARN o.s.c.s.PostProcessorRegistrationDelegate$BeanPostProcessorChecker [main] Bean 'org.springframework.cloud.loadbalancer.config.LoadBalancerAutoConfiguration' of type [org.springframework.cloud.loadbalancer.config.LoadBalancerAutoConfiguration] is not eligible for getting processed by all BeanPostProcessors (for example: not eligible for auto-proxying). Is this bean getting eagerly injected into a currently created BeanPostProcessor [lbRestClientPostProcessor]? Check the corresponding BeanPostProcessor declaration and its dependencies.
2024-02-15 00:22:02,324 WARN o.s.c.s.PostProcessorRegistrationDelegate$BeanPostProcessorChecker [main] Bean 'org.springframework.cloud.commons.config.CommonsConfigAutoConfiguration' of type [org.springframework.cloud.commons.config.CommonsConfigAutoConfiguration] is not eligible for getting processed by all BeanPostProcessors (for example: not eligible for auto-proxying). Is this bean getting eagerly injected into a currently created BeanPostProcessor [lbRestClientPostProcessor]? Check the corresponding BeanPostProcessor declaration and its dependencies.
2024-02-15 00:22:02,328 WARN o.s.c.s.PostProcessorRegistrationDelegate$BeanPostProcessorChecker [main] Bean 'org.springframework.cloud.client.loadbalancer.LoadBalancerDefaultMappingsProviderAutoConfiguration' of type [org.springframework.cloud.client.loadbalancer.LoadBalancerDefaultMappingsProviderAutoConfiguration] is not eligible for getting processed by all BeanPostProcessors (for example: not eligible for auto-proxying). Is this bean getting eagerly injected into a currently created BeanPostProcessor [lbRestClientPostProcessor]? Check the corresponding BeanPostProcessor declaration and its dependencies.
2024-02-15 00:22:02,331 WARN o.s.c.s.PostProcessorRegistrationDelegate$BeanPostProcessorChecker [main] Bean 'loadBalancerClientsDefaultsMappingsProvider' of type [org.springframework.cloud.client.loadbalancer.LoadBalancerDefaultMappingsProviderAutoConfiguration$$Lambda$558/0x0000000800fd30f0] is not eligible for getting processed by all BeanPostProcessors (for example: not eligible for auto-proxying). Is this bean getting eagerly injected into a currently created BeanPostProcessor [lbRestClientPostProcessor]? Check the corresponding BeanPostProcessor declaration and its dependencies.
2024-02-15 00:22:02,338 WARN o.s.c.s.PostProcessorRegistrationDelegate$BeanPostProcessorChecker [main] Bean 'defaultsBindHandlerAdvisor' of type [org.springframework.cloud.commons.config.DefaultsBindHandlerAdvisor] is not eligible for getting processed by all BeanPostProcessors (for example: not eligible for auto-proxying). Is this bean getting eagerly injected into a currently created BeanPostProcessor [lbRestClientPostProcessor]? Check the corresponding BeanPostProcessor declaration and its dependencies.
2024-02-15 00:22:02,346 WARN o.s.c.s.PostProcessorRegistrationDelegate$BeanPostProcessorChecker [main] Bean 'spring.cloud.loadbalancer-org.springframework.cloud.client.loadbalancer.LoadBalancerClientsProperties' of type [org.springframework.cloud.client.loadbalancer.LoadBalancerClientsProperties] is not eligible for getting processed by all BeanPostProcessors (for example: not eligible for auto-proxying). Is this bean getting eagerly injected into a currently created BeanPostProcessor [lbRestClientPostProcessor]? Check the corresponding BeanPostProcessor declaration and its dependencies.
2024-02-15 00:22:02,358 WARN o.s.c.s.PostProcessorRegistrationDelegate$BeanPostProcessorChecker [main] Bean 'default.org.springframework.cloud.loadbalancer.config.LoadBalancerAutoConfiguration.LoadBalancerClientSpecification' of type [org.springframework.cloud.loadbalancer.annotation.LoadBalancerClientSpecification] is not eligible for getting processed by all BeanPostProcessors (for example: not eligible for auto-proxying). Is this bean getting eagerly injected into a currently created BeanPostProcessor [lbRestClientPostProcessor]? Check the corresponding BeanPostProcessor declaration and its dependencies.
2024-02-15 00:22:02,362 WARN o.s.c.s.PostProcessorRegistrationDelegate$BeanPostProcessorChecker [main] Bean 'default.org.springframework.cloud.loadbalancer.config.BlockingLoadBalancerClientAutoConfiguration.LoadBalancerClientSpecification' of type [org.springframework.cloud.loadbalancer.annotation.LoadBalancerClientSpecification] is not eligible for getting processed by all BeanPostProcessors (for example: not eligible for auto-proxying). Is this bean getting eagerly injected into a currently created BeanPostProcessor [lbRestClientPostProcessor]? Check the corresponding BeanPostProcessor declaration and its dependencies.
2024-02-15 00:22:02,363 WARN o.s.c.s.PostProcessorRegistrationDelegate$BeanPostProcessorChecker [main] Bean 'loadBalancerClientFactory' of type [org.springframework.cloud.loadbalancer.support.LoadBalancerClientFactory] is not eligible for getting processed by all BeanPostProcessors (for example: not eligible for auto-proxying). Is this bean getting eagerly injected into a currently created BeanPostProcessor [lbRestClientPostProcessor]? Check the corresponding BeanPostProcessor declaration and its dependencies.
2024-02-15 00:22:02,373 WARN o.s.c.s.PostProcessorRegistrationDelegate$BeanPostProcessorChecker [main] Bean 'blockingLoadBalancerClient' of type [org.springframework.cloud.loadbalancer.blocking.client.BlockingLoadBalancerClient] is not eligible for getting processed by all BeanPostProcessors (for example: not eligible for auto-proxying). Is this bean getting eagerly injected into a currently created BeanPostProcessor [lbRestClientPostProcessor]? Check the corresponding BeanPostProcessor declaration and its dependencies.
2024-02-15 00:22:02,390 WARN o.s.c.s.PostProcessorRegistrationDelegate$BeanPostProcessorChecker [main] Bean 'loadBalancerServiceInstanceCookieTransformer' of type [org.springframework.cloud.loadbalancer.core.LoadBalancerServiceInstanceCookieTransformer] is not eligible for getting processed by all BeanPostProcessors (for example: not eligible for auto-proxying). Is this bean getting eagerly injected into a currently created BeanPostProcessor [lbRestClientPostProcessor]? Check the corresponding BeanPostProcessor declaration and its dependencies.
2024-02-15 00:22:02,395 WARN o.s.c.s.PostProcessorRegistrationDelegate$BeanPostProcessorChecker [main] Bean 'xForwarderHeadersTransformer' of type [org.springframework.cloud.loadbalancer.blocking.XForwardedHeadersTransformer] is not eligible for getting processed by all BeanPostProcessors (for example: not eligible for auto-proxying). Is this bean getting eagerly injected into a currently created BeanPostProcessor [lbRestClientPostProcessor]? Check the corresponding BeanPostProcessor declaration and its dependencies.
2024-02-15 00:22:02,398 WARN o.s.c.s.PostProcessorRegistrationDelegate$BeanPostProcessorChecker [main] Bean 'org.springframework.cloud.client.loadbalancer.LoadBalancerAutoConfiguration' of type [org.springframework.cloud.client.loadbalancer.LoadBalancerAutoConfiguration] is not eligible for getting processed by all BeanPostProcessors (for example: not eligible for auto-proxying). Is this bean getting eagerly injected into a currently created BeanPostProcessor [lbRestClientPostProcessor]? Check the corresponding BeanPostProcessor declaration and its dependencies.
2024-02-15 00:22:02,403 WARN o.s.c.s.PostProcessorRegistrationDelegate$BeanPostProcessorChecker [main] Bean 'loadBalancerRequestFactory' of type [org.springframework.cloud.client.loadbalancer.LoadBalancerRequestFactory] is not eligible for getting processed by all BeanPostProcessors (for example: not eligible for auto-proxying). Is this bean getting eagerly injected into a currently created BeanPostProcessor [lbRestClientPostProcessor]? Check the corresponding BeanPostProcessor declaration and its dependencies.
2024-02-15 00:22:02,408 WARN o.s.c.s.PostProcessorRegistrationDelegate$BeanPostProcessorChecker [main] Bean 'loadBalancerInterceptor' of type [org.springframework.cloud.client.loadbalancer.LoadBalancerInterceptor] is not eligible for getting processed by all BeanPostProcessors (for example: not eligible for auto-proxying). Is this bean getting eagerly injected into a currently created BeanPostProcessor [lbRestClientPostProcessor]? Check the corresponding BeanPostProcessor declaration and its dependencies.
2024-02-15 00:22:02,415 WARN o.s.c.s.PostProcessorRegistrationDelegate$BeanPostProcessorChecker [main] Bean 'org.springframework.cloud.client.loadbalancer.reactive.LoadBalancerBeanPostProcessorAutoConfiguration' of type [org.springframework.cloud.client.loadbalancer.reactive.LoadBalancerBeanPostProcessorAutoConfiguration] is not eligible for getting processed by all BeanPostProcessors (for example: not eligible for auto-proxying). The currently created BeanPostProcessor [loadBalancerWebClientBuilderBeanPostProcessor] is declared through a non-static factory method on that class; consider declaring it as static instead.
2024-02-15 00:22:02,418 WARN o.s.c.s.PostProcessorRegistrationDelegate$BeanPostProcessorChecker [main] Bean 'org.springframework.cloud.client.loadbalancer.reactive.LoadBalancerBeanPostProcessorAutoConfiguration$ReactorDeferringLoadBalancerFilterConfig' of type [org.springframework.cloud.client.loadbalancer.reactive.LoadBalancerBeanPostProcessorAutoConfiguration$ReactorDeferringLoadBalancerFilterConfig] is not eligible for getting processed by all BeanPostProcessors (for example: not eligible for auto-proxying). Is this bean getting eagerly injected into a currently created BeanPostProcessor [loadBalancerWebClientBuilderBeanPostProcessor]? Check the corresponding BeanPostProcessor declaration and its dependencies.
2024-02-15 00:22:02,421 WARN o.s.c.s.PostProcessorRegistrationDelegate$BeanPostProcessorChecker [main] Bean 'reactorDeferringLoadBalancerExchangeFilterFunction' of type [org.springframework.cloud.client.loadbalancer.reactive.DeferringLoadBalancerExchangeFilterFunction] is not eligible for getting processed by all BeanPostProcessors (for example: not eligible for auto-proxying). Is this bean getting eagerly injected into a currently created BeanPostProcessor [loadBalancerWebClientBuilderBeanPostProcessor]? Check the corresponding BeanPostProcessor declaration and its dependencies.
2024-02-15 00:22:02,760 INFO o.s.b.w.e.t.TomcatWebServer [main] Tomcat initialized with port 8081 (http)
2024-02-15 00:22:02,767 INFO o.a.j.l.DirectJDKLog [main] Initializing ProtocolHandler ["http-nio-8081"]
2024-02-15 00:22:02,769 INFO o.a.j.l.DirectJDKLog [main] Starting service [Tomcat]
2024-02-15 00:22:02,769 INFO o.a.j.l.DirectJDKLog [main] Starting Servlet engine: [Apache Tomcat/10.1.16]
2024-02-15 00:22:02,836 INFO o.a.j.l.DirectJDKLog [main] Initializing Spring embedded WebApplicationContext
2024-02-15 00:22:02,837 INFO o.s.b.w.s.c.ServletWebServerApplicationContext [main] Root WebApplicationContext: initialization completed in 2243 ms
2024-02-15 00:22:03,090 DEBUG o.s.w.f.GenericFilterBean [main] Filter 'webMvcObservationFilter' configured for use
2024-02-15 00:22:04,005 DEBUG o.s.w.s.h.AbstractHandlerMethodMapping [main] 9 mappings in 'requestMappingHandlerMapping'
2024-02-15 00:22:04,095 DEBUG o.s.w.s.h.SimpleUrlHandlerMapping [main] Patterns [/webjars/**, /**] in 'resourceHandlerMapping'
2024-02-15 00:22:04,192 DEBUG o.s.w.s.m.m.a.RequestMappingHandlerAdapter [main] ControllerAdvice beans: 0 @ModelAttribute, 0 @InitBinder, 1 RequestBodyAdvice, 1 ResponseBodyAdvice
2024-02-15 00:22:04,251 DEBUG o.s.w.s.m.m.a.ExceptionHandlerExceptionResolver [main] ControllerAdvice beans: 1 @ExceptionHandler, 1 ResponseBodyAdvice
2024-02-15 00:22:05,347 WARN o.s.c.l.c.LoadBalancerCacheAutoConfiguration$LoadBalancerCaffeineWarnLogger [main] Spring Cloud LoadBalancer is currently working with the default cache. While this cache implementation is useful for development and tests, it's recommended to use Caffeine cache in production.You can switch to using Caffeine cache, by adding it and org.springframework.cache.caffeine.CaffeineCacheManager to the classpath.
2024-02-15 00:22:05,370 INFO o.s.b.a.e.w.EndpointLinksResolver [main] Exposing 25 endpoint(s) beneath base path '/actuator'
2024-02-15 00:22:05,441 INFO o.a.j.l.DirectJDKLog [main] Starting ProtocolHandler ["http-nio-8081"]
2024-02-15 00:22:05,466 INFO o.s.b.w.e.t.TomcatWebServer [main] Tomcat started on port 8081 (http) with context path ''
2024-02-15 00:22:05,659 INFO o.s.b.StartupInfoLogger [main] Started SpringBootFeignListenerApplication in 5.6 seconds (process running for 6.175)
2024-02-15 00:22:15,238 INFO o.a.j.l.DirectJDKLog [http-nio-8081-exec-3] Initializing Spring DispatcherServlet 'dispatcherServlet'
2024-02-15 00:22:15,239 INFO o.s.w.s.FrameworkServlet [http-nio-8081-exec-3] Initializing Servlet 'dispatcherServlet'
2024-02-15 00:22:15,240 DEBUG o.s.w.s.DispatcherServlet [http-nio-8081-exec-3] Detected StandardServletMultipartResolver
2024-02-15 00:22:15,240 DEBUG o.s.w.s.DispatcherServlet [http-nio-8081-exec-3] Detected AcceptHeaderLocaleResolver
2024-02-15 00:22:15,240 DEBUG o.s.w.s.DispatcherServlet [http-nio-8081-exec-3] Detected FixedThemeResolver
2024-02-15 00:22:15,242 DEBUG o.s.w.s.DispatcherServlet [http-nio-8081-exec-3] Detected org.springframework.web.servlet.view.DefaultRequestToViewNameTranslator@29a6c566
2024-02-15 00:22:15,243 DEBUG o.s.w.s.DispatcherServlet [http-nio-8081-exec-3] Detected org.springframework.web.servlet.support.SessionFlashMapManager@6617db20
2024-02-15 00:22:15,243 DEBUG o.s.w.s.FrameworkServlet [http-nio-8081-exec-3] enableLoggingRequestDetails='false': request parameters and headers will be masked to prevent unsafe logging of potentially sensitive data
2024-02-15 00:22:15,244 INFO o.s.w.s.FrameworkServlet [http-nio-8081-exec-3] Completed initialization in 5 ms
2024-02-15 00:22:15,270 DEBUG o.s.c.l.LogFormatUtils [http-nio-8081-exec-3] GET "/rt/external/fallback/21", parameters={}
2024-02-15 00:22:15,282 DEBUG o.s.w.s.h.AbstractHandlerMapping [http-nio-8081-exec-3] Mapped to com.atm.feign.listener.controller.BooksAuthorRestTemplateController#getBookByIdWithFallback(String)
2024-02-15 00:22:15,314 INFO c.a.f.l.s.BooksAuthorRestTemplateService [http-nio-8081-exec-3] Rate limit with fallback example
2024-02-15 00:22:15,314 INFO c.a.f.l.s.BooksAuthorRestTemplateService [http-nio-8081-exec-3] ##### Inside getBookByIdWithFallback method - invoking URL http://localhost:8082/api/v1.0/fetch for Book ID : 21
2024-02-15 00:22:15,335 DEBUG o.s.c.l.CompositeLog [http-nio-8081-exec-3] HTTP GET http://localhost:8082/api/v1.0/fetch/21
2024-02-15 00:22:15,399 DEBUG o.s.c.l.CompositeLog [http-nio-8081-exec-3] Accept=[application/json, application/*+json]
2024-02-15 00:22:15,832 DEBUG o.s.c.l.CompositeLog [http-nio-8081-exec-3] Response 200 OK
2024-02-15 00:22:15,834 DEBUG o.s.c.l.CompositeLog [http-nio-8081-exec-3] Reading to [com.atm.feign.listener.models.BooksBook]
2024-02-15 00:22:15,895 DEBUG o.s.w.s.m.m.a.AbstractMessageConverterMethodProcessor [http-nio-8081-exec-3] Using 'application/json', given [*/*] and supported [application/json, application/*+json]
2024-02-15 00:22:15,907 DEBUG o.s.c.l.LogFormatUtils [http-nio-8081-exec-3] Writing [BooksBook(id=21, downloadCount=2446, gutenbergId=20, mediaType=Text, title=Paradise Lost)]
2024-02-15 00:22:15,943 DEBUG o.s.w.s.FrameworkServlet [http-nio-8081-exec-3] Completed 200 OK
2024-02-15 00:22:17,775 DEBUG o.s.c.l.LogFormatUtils [http-nio-8081-exec-2] GET "/rt/external/fallback/22", parameters={}
2024-02-15 00:22:17,776 DEBUG o.s.w.s.h.AbstractHandlerMapping [http-nio-8081-exec-2] Mapped to com.atm.feign.listener.controller.BooksAuthorRestTemplateController#getBookByIdWithFallback(String)
2024-02-15 00:22:17,777 INFO c.a.f.l.s.BooksAuthorRestTemplateService [http-nio-8081-exec-2] Rate limit with fallback example
2024-02-15 00:22:17,777 INFO c.a.f.l.s.BooksAuthorRestTemplateService [http-nio-8081-exec-2] ##### Inside getBookByIdWithFallback method - invoking URL http://localhost:8082/api/v1.0/fetch for Book ID : 22
2024-02-15 00:22:17,777 DEBUG o.s.c.l.CompositeLog [http-nio-8081-exec-2] HTTP GET http://localhost:8082/api/v1.0/fetch/22
2024-02-15 00:22:17,778 DEBUG o.s.c.l.CompositeLog [http-nio-8081-exec-2] Accept=[application/json, application/*+json]
2024-02-15 00:22:17,785 DEBUG o.s.c.l.CompositeLog [http-nio-8081-exec-2] Response 200 OK
2024-02-15 00:22:17,785 DEBUG o.s.c.l.CompositeLog [http-nio-8081-exec-2] Reading to [com.atm.feign.listener.models.BooksBook]
2024-02-15 00:22:17,786 DEBUG o.s.w.s.m.m.a.AbstractMessageConverterMethodProcessor [http-nio-8081-exec-2] Using 'application/json', given [*/*] and supported [application/json, application/*+json]
2024-02-15 00:22:17,786 DEBUG o.s.c.l.LogFormatUtils [http-nio-8081-exec-2] Writing [BooksBook(id=22, downloadCount=581, gutenbergId=21, mediaType=Text, title=Aesop's Fables: Translated (truncated)...]
2024-02-15 00:22:17,787 DEBUG o.s.w.s.FrameworkServlet [http-nio-8081-exec-2] Completed 200 OK
2024-02-15 00:22:19,170 DEBUG o.s.c.l.LogFormatUtils [http-nio-8081-exec-5] GET "/rt/external/fallback/23", parameters={}
2024-02-15 00:22:19,174 DEBUG o.s.w.s.h.AbstractHandlerMapping [http-nio-8081-exec-5] Mapped to com.atm.feign.listener.controller.BooksAuthorRestTemplateController#getBookByIdWithFallback(String)
2024-02-15 00:22:19,175 INFO c.a.f.l.s.BooksAuthorRestTemplateService [http-nio-8081-exec-5] Rate limit with fallback example
2024-02-15 00:22:19,175 INFO c.a.f.l.s.BooksAuthorRestTemplateService [http-nio-8081-exec-5] ##### Inside getBookByIdWithFallback method - invoking URL http://localhost:8082/api/v1.0/fetch for Book ID : 23
2024-02-15 00:22:19,176 DEBUG o.s.c.l.CompositeLog [http-nio-8081-exec-5] HTTP GET http://localhost:8082/api/v1.0/fetch/23
2024-02-15 00:22:19,176 DEBUG o.s.c.l.CompositeLog [http-nio-8081-exec-5] Accept=[application/json, application/*+json]
2024-02-15 00:22:19,182 DEBUG o.s.c.l.CompositeLog [http-nio-8081-exec-5] Response 200 OK
2024-02-15 00:22:19,183 DEBUG o.s.c.l.CompositeLog [http-nio-8081-exec-5] Reading to [com.atm.feign.listener.models.BooksBook]
2024-02-15 00:22:19,184 DEBUG o.s.w.s.m.m.a.AbstractMessageConverterMethodProcessor [http-nio-8081-exec-5] Using 'application/json', given [*/*] and supported [application/json, application/*+json]
2024-02-15 00:22:19,184 DEBUG o.s.c.l.LogFormatUtils [http-nio-8081-exec-5] Writing [BooksBook(id=23, downloadCount=205, gutenbergId=22, mediaType=Text, title=Roget's Thesaurus)]
2024-02-15 00:22:19,185 DEBUG o.s.w.s.FrameworkServlet [http-nio-8081-exec-5] Completed 200 OK
2024-02-15 00:22:21,370 DEBUG o.s.c.l.LogFormatUtils [http-nio-8081-exec-6] GET "/rt/external/fallback/24", parameters={}
2024-02-15 00:22:21,371 DEBUG o.s.w.s.h.AbstractHandlerMapping [http-nio-8081-exec-6] Mapped to com.atm.feign.listener.controller.BooksAuthorRestTemplateController#getBookByIdWithFallback(String)
2024-02-15 00:22:21,372 INFO c.a.f.l.s.BooksAuthorRestTemplateService [http-nio-8081-exec-6] Rate limit with fallback example
2024-02-15 00:22:21,372 INFO c.a.f.l.s.BooksAuthorRestTemplateService [http-nio-8081-exec-6] ##### Inside getBookByIdWithFallback method - invoking URL http://localhost:8082/api/v1.0/fetch for Book ID : 24
2024-02-15 00:22:21,373 DEBUG o.s.c.l.CompositeLog [http-nio-8081-exec-6] HTTP GET http://localhost:8082/api/v1.0/fetch/24
2024-02-15 00:22:21,373 DEBUG o.s.c.l.CompositeLog [http-nio-8081-exec-6] Accept=[application/json, application/*+json]
2024-02-15 00:22:21,380 DEBUG o.s.c.l.CompositeLog [http-nio-8081-exec-6] Response 200 OK
2024-02-15 00:22:21,381 DEBUG o.s.c.l.CompositeLog [http-nio-8081-exec-6] Reading to [com.atm.feign.listener.models.BooksBook]
2024-02-15 00:22:21,382 DEBUG o.s.w.s.m.m.a.AbstractMessageConverterMethodProcessor [http-nio-8081-exec-6] Using 'application/json', given [*/*] and supported [application/json, application/*+json]
2024-02-15 00:22:21,382 DEBUG o.s.c.l.LogFormatUtils [http-nio-8081-exec-6] Writing [BooksBook(id=24, downloadCount=4858, gutenbergId=23, mediaType=Text, title=Narrative of the Life of  (truncated)...]
2024-02-15 00:22:21,383 DEBUG o.s.w.s.FrameworkServlet [http-nio-8081-exec-6] Completed 200 OK
2024-02-15 00:22:22,932 DEBUG o.s.c.l.LogFormatUtils [http-nio-8081-exec-7] GET "/rt/external/fallback/25", parameters={}
2024-02-15 00:22:22,934 DEBUG o.s.w.s.h.AbstractHandlerMapping [http-nio-8081-exec-7] Mapped to com.atm.feign.listener.controller.BooksAuthorRestTemplateController#getBookByIdWithFallback(String)
2024-02-15 00:22:24,386 DEBUG o.s.c.l.LogFormatUtils [http-nio-8081-exec-9] GET "/rt/external/fallback/26", parameters={}
2024-02-15 00:22:24,387 DEBUG o.s.w.s.h.AbstractHandlerMapping [http-nio-8081-exec-9] Mapped to com.atm.feign.listener.controller.BooksAuthorRestTemplateController#getBookByIdWithFallback(String)
2024-02-15 00:22:26,184 DEBUG o.s.c.l.LogFormatUtils [http-nio-8081-exec-10] GET "/rt/external/fallback/27", parameters={}
2024-02-15 00:22:26,185 DEBUG o.s.w.s.h.AbstractHandlerMapping [http-nio-8081-exec-10] Mapped to com.atm.feign.listener.controller.BooksAuthorRestTemplateController#getBookByIdWithFallback(String)
2024-02-15 00:22:27,454 DEBUG o.s.c.l.LogFormatUtils [http-nio-8081-exec-3] GET "/rt/external/fallback/28", parameters={}
2024-02-15 00:22:27,454 DEBUG o.s.w.s.h.AbstractHandlerMapping [http-nio-8081-exec-3] Mapped to com.atm.feign.listener.controller.BooksAuthorRestTemplateController#getBookByIdWithFallback(String)
2024-02-15 00:22:27,946 INFO c.a.f.l.s.BooksAuthorRestTemplateService [http-nio-8081-exec-7] ##### Inside getBookByIdFallbackMethod fallback method
2024-02-15 00:22:27,947 INFO c.a.f.l.s.BooksAuthorRestTemplateService [http-nio-8081-exec-7] ##### EXCEPTION MESSAGE : RateLimiter 'getBookById' does not permit further calls
2024-02-15 00:22:27,948 DEBUG o.s.w.s.m.m.a.AbstractMessageConverterMethodProcessor [http-nio-8081-exec-7] Using 'application/json', given [*/*] and supported [application/json, application/*+json]
2024-02-15 00:22:27,948 DEBUG o.s.c.l.LogFormatUtils [http-nio-8081-exec-7] Writing [BooksBook(id=0, downloadCount=0, gutenbergId=0, mediaType=Default, title=N/A)]
2024-02-15 00:22:27,950 DEBUG o.s.w.s.FrameworkServlet [http-nio-8081-exec-7] Completed 200 OK
2024-02-15 00:22:29,323 DEBUG o.s.c.l.LogFormatUtils [http-nio-8081-exec-2] GET "/rt/external/fallback/29", parameters={}
2024-02-15 00:22:29,324 DEBUG o.s.w.s.h.AbstractHandlerMapping [http-nio-8081-exec-2] Mapped to com.atm.feign.listener.controller.BooksAuthorRestTemplateController#getBookByIdWithFallback(String)
2024-02-15 00:22:29,395 INFO c.a.f.l.s.BooksAuthorRestTemplateService [http-nio-8081-exec-9] ##### Inside getBookByIdFallbackMethod fallback method
2024-02-15 00:22:29,395 INFO c.a.f.l.s.BooksAuthorRestTemplateService [http-nio-8081-exec-9] ##### EXCEPTION MESSAGE : RateLimiter 'getBookById' does not permit further calls
2024-02-15 00:22:29,396 DEBUG o.s.w.s.m.m.a.AbstractMessageConverterMethodProcessor [http-nio-8081-exec-9] Using 'application/json', given [*/*] and supported [application/json, application/*+json]
2024-02-15 00:22:29,396 DEBUG o.s.c.l.LogFormatUtils [http-nio-8081-exec-9] Writing [BooksBook(id=0, downloadCount=0, gutenbergId=0, mediaType=Default, title=N/A)]
2024-02-15 00:22:29,398 DEBUG o.s.w.s.FrameworkServlet [http-nio-8081-exec-9] Completed 200 OK
2024-02-15 00:22:31,187 INFO c.a.f.l.s.BooksAuthorRestTemplateService [http-nio-8081-exec-10] ##### Inside getBookByIdFallbackMethod fallback method
2024-02-15 00:22:31,191 INFO c.a.f.l.s.BooksAuthorRestTemplateService [http-nio-8081-exec-10] ##### EXCEPTION MESSAGE : RateLimiter 'getBookById' does not permit further calls
2024-02-15 00:22:31,192 DEBUG o.s.w.s.m.m.a.AbstractMessageConverterMethodProcessor [http-nio-8081-exec-10] Using 'application/json', given [*/*] and supported [application/json, application/*+json]
2024-02-15 00:22:31,193 DEBUG o.s.c.l.LogFormatUtils [http-nio-8081-exec-10] Writing [BooksBook(id=0, downloadCount=0, gutenbergId=0, mediaType=Default, title=N/A)]
2024-02-15 00:22:31,195 DEBUG o.s.w.s.FrameworkServlet [http-nio-8081-exec-10] Completed 200 OK
2024-02-15 00:22:32,470 INFO c.a.f.l.s.BooksAuthorRestTemplateService [http-nio-8081-exec-3] ##### Inside getBookByIdFallbackMethod fallback method
2024-02-15 00:22:32,473 INFO c.a.f.l.s.BooksAuthorRestTemplateService [http-nio-8081-exec-3] ##### EXCEPTION MESSAGE : RateLimiter 'getBookById' does not permit further calls
2024-02-15 00:22:32,475 DEBUG o.s.w.s.m.m.a.AbstractMessageConverterMethodProcessor [http-nio-8081-exec-3] Using 'application/json', given [*/*] and supported [application/json, application/*+json]
2024-02-15 00:22:32,475 DEBUG o.s.c.l.LogFormatUtils [http-nio-8081-exec-3] Writing [BooksBook(id=0, downloadCount=0, gutenbergId=0, mediaType=Default, title=N/A)]
2024-02-15 00:22:32,477 DEBUG o.s.w.s.FrameworkServlet [http-nio-8081-exec-3] Completed 200 OK
2024-02-15 00:22:33,607 INFO c.a.f.l.s.BooksAuthorRestTemplateService [http-nio-8081-exec-2] Rate limit with fallback example
2024-02-15 00:22:33,608 INFO c.a.f.l.s.BooksAuthorRestTemplateService [http-nio-8081-exec-2] ##### Inside getBookByIdWithFallback method - invoking URL http://localhost:8082/api/v1.0/fetch for Book ID : 29
2024-02-15 00:22:33,609 DEBUG o.s.c.l.CompositeLog [http-nio-8081-exec-2] HTTP GET http://localhost:8082/api/v1.0/fetch/29
2024-02-15 00:22:33,610 DEBUG o.s.c.l.CompositeLog [http-nio-8081-exec-2] Accept=[application/json, application/*+json]
2024-02-15 00:22:33,622 DEBUG o.s.c.l.CompositeLog [http-nio-8081-exec-2] Response 200 OK
2024-02-15 00:22:33,624 DEBUG o.s.c.l.CompositeLog [http-nio-8081-exec-2] Reading to [com.atm.feign.listener.models.BooksBook]
2024-02-15 00:22:33,625 DEBUG o.s.w.s.m.m.a.AbstractMessageConverterMethodProcessor [http-nio-8081-exec-2] Using 'application/json', given [*/*] and supported [application/json, application/*+json]
2024-02-15 00:22:33,625 DEBUG o.s.c.l.LogFormatUtils [http-nio-8081-exec-2] Writing [BooksBook(id=29, downloadCount=390, gutenbergId=28, mediaType=Text, title=Aesop's Fables)]
2024-02-15 00:22:33,626 DEBUG o.s.w.s.FrameworkServlet [http-nio-8081-exec-2] Completed 200 OK
